d:\c++\nbc_-assignment\classandcombat\sol1\claaschange_combatsystem_upgrade\x64\debug\vc143.pdb
d:\c++\nbc_-assignment\classandcombat\sol1\claaschange_combatsystem_upgrade\x64\debug\vc143.idb
d:\c++\nbc_-assignment\classandcombat\sol1\claaschange_combatsystem_upgrade\x64\debug\monster.obj
d:\c++\nbc_-assignment\classandcombat\sol1\claaschange_combatsystem_upgrade\x64\debug\player.obj
d:\c++\nbc_-assignment\classandcombat\sol1\claaschange_combatsystem_upgrade\x64\debug\archer.obj
d:\c++\nbc_-assignment\classandcombat\sol1\claaschange_combatsystem_upgrade\x64\debug\warrior.obj
d:\c++\nbc_-assignment\classandcombat\sol1\claaschange_combatsystem_upgrade\x64\debug\thief.obj
d:\c++\nbc_-assignment\classandcombat\sol1\claaschange_combatsystem_upgrade\x64\debug\magician.obj
d:\c++\nbc_-assignment\classandcombat\sol1\claaschange_combatsystem_upgrade\x64\debug\claaschange_combatsystem_upgrade.obj
d:\c++\nbc_-assignment\classandcombat\sol1\x64\debug\claaschange_combatsystem_upgrade.exe
d:\c++\nbc_-assignment\classandcombat\sol1\x64\debug\claaschange_combatsystem_upgrade.pdb
d:\c++\nbc_-assignment\classandcombat\sol1\claaschange_combatsystem_upgrade\x64\debug\claaschange_combatsystem_upgrade.ilk
d:\c++\nbc_-assignment\classandcombat\sol1\claaschange_combatsystem_upgrade\x64\debug\claascha.386db893.tlog\cl.command.1.tlog
d:\c++\nbc_-assignment\classandcombat\sol1\claaschange_combatsystem_upgrade\x64\debug\claascha.386db893.tlog\cl.items.tlog
d:\c++\nbc_-assignment\classandcombat\sol1\claaschange_combatsystem_upgrade\x64\debug\claascha.386db893.tlog\cl.read.1.tlog
d:\c++\nbc_-assignment\classandcombat\sol1\claaschange_combatsystem_upgrade\x64\debug\claascha.386db893.tlog\cl.write.1.tlog
d:\c++\nbc_-assignment\classandcombat\sol1\claaschange_combatsystem_upgrade\x64\debug\claascha.386db893.tlog\link.command.1.tlog
d:\c++\nbc_-assignment\classandcombat\sol1\claaschange_combatsystem_upgrade\x64\debug\claascha.386db893.tlog\link.read.1.tlog
d:\c++\nbc_-assignment\classandcombat\sol1\claaschange_combatsystem_upgrade\x64\debug\claascha.386db893.tlog\link.secondary.1.tlog
d:\c++\nbc_-assignment\classandcombat\sol1\claaschange_combatsystem_upgrade\x64\debug\claascha.386db893.tlog\link.write.1.tlog
